Using pre-set license
Built from '2020.2/china_unity/release' branch; Version is '2020.2.0f1c1 (f2fe8b73675a) revision 15924875'; Using compiler version '192528614'; Build Type 'Release'
OS: 'Windows 10  (10.0.0) 64bit' Language: 'zh' Physical Memory: 32689 MB
BatchMode: 1, IsHumanControllingUs: 0, StartBugReporterOnCrash: 0, Is64bit: 1, IsPro: 0

 COMMAND LINE ARGUMENTS:
D:\Program Files\Unity\2020.2.0f1c1\Editor\Unity.exe
-adb2
-batchMode
-noUpm
-name
AssetImportWorker0
-projectPath
D:/TapTapGameJam/SlimeKitten
-logFile
Logs/AssetImportWorker0.log
-srvPort
14342
Successfully changed project path to: D:/TapTapGameJam/SlimeKitten
D:/TapTapGameJam/SlimeKitten
Using Asset Import Pipeline V2.
Refreshing native plugins compatible for Editor in 36.29 ms, found 1 plugins.
Preloading 0 native plugins for Editor in 0.00 ms.
Initialize engine version: 2020.2.0f1c1 (f2fe8b73675a)
[Subsystems] Discovering subsystems at path D:/Program Files/Unity/2020.2.0f1c1/Editor/Data/Resources/UnitySubsystems
[Subsystems] Discovering subsystems at path D:/TapTapGameJam/SlimeKitten/Assets
GfxDevice: creating device client; threaded=0
Direct3D:
    Version:  Direct3D 11.0 [level 11.1]
    Renderer: NVIDIA GeForce RTX 2070 (ID=0x1f50)
    Vendor:   
    VRAM:     8031 MB
    Driver:   27.21.14.6089
Initialize mono
Mono path[0] = 'D:/Program Files/Unity/2020.2.0f1c1/Editor/Data/Managed'
Mono path[1] = 'D:/Program Files/Unity/2020.2.0f1c1/Editor/Data/MonoBleedingEdge/lib/mono/unityjit'
Mono config path = 'D:/Program Files/Unity/2020.2.0f1c1/Editor/Data/MonoBleedingEdge/etc'
Using monoOptions --debugger-agent=transport=dt_socket,embedding=1,server=y,suspend=n,address=127.0.0.1:56856
Begin MonoManager ReloadAssembly
Registering precompiled unity dll's ...
Register platform support module: D:/Program Files/Unity/2020.2.0f1c1/Editor/Data/PlaybackEngines/WindowsStandaloneSupport/UnityEditor.WindowsStandalone.Extensions.dll
Registered in 0.002217 seconds.
Native extension for WindowsStandalone target not found
Refreshing native plugins compatible for Editor in 35.91 ms, found 1 plugins.
Preloading 0 native plugins for Editor in 0.00 ms.
Invoked RoslynAnalysisRunner static constructor.
RoslynAnalysisRunner will not be running.
RoslynAnalysisRunner has terminated.
Mono: successfully reloaded assembly
- Completed reload, in  0.718 seconds
Platform modules already initialized, skipping
Registering precompiled user dll's ...
Registered in 0.001006 seconds.
Begin MonoManager ReloadAssembly
Native extension for WindowsStandalone target not found
Refreshing native plugins compatible for Editor in 36.78 ms, found 1 plugins.
Preloading 0 native plugins for Editor in 0.00 ms.
Invoked RoslynAnalysisRunner static constructor.
RoslynAnalysisRunner will not be running.
RoslynAnalysisRunner has terminated.
Mono: successfully reloaded assembly
- Completed reload, in  0.899 seconds
Platform modules already initialized, skipping
========================================================================
Worker process is ready to serve import requests
Launched and connected shader compiler UnityShaderCompiler.exe after 0.06 seconds
Refreshing native plugins compatible for Editor in 0.34 ms, found 1 plugins.
Preloading 0 native plugins for Editor in 0.00 ms.
Unloading 1941 Unused Serialized files (Serialized files now loaded: 0)
System memory in use before: 92.6 MB.
System memory in use after: 92.7 MB.

Unloading 20 unused Assets to reduce memory usage. Loaded Objects now: 2391.
Total: 2.261100 ms (FindLiveObjects: 0.203500 ms CreateObjectMapping: 0.090500 ms MarkObjects: 1.916200 ms  DeleteObjects: 0.049800 ms)

========================================================================
Received Import Request.
  path: Assets/Scripts/LevelController.cs
  artifactKey: Guid(0953bf300fdf7a74d9d9dc855fd16f98) Importer(815301076,1909f56bfc062723c751e8b465ee728b)
Start importing Assets/Scripts/LevelController.cs using Guid(0953bf300fdf7a74d9d9dc855fd16f98) Importer(815301076,1909f56bfc062723c751e8b465ee728b)  -> (artifact id: 'd285451a37a73e1fb12c3f964715292f') in 0.044660 seconds
  Import took 0.048420 seconds .

========================================================================
Received Import Request.
  Time since last request: 6.457856 seconds.
  path: Assets/Scripts/SlimeDeform.cs
  artifactKey: Guid(70d999c7cc7bffe4d97ff64d407251e6) Importer(815301076,1909f56bfc062723c751e8b465ee728b)
Start importing Assets/Scripts/SlimeDeform.cs using Guid(70d999c7cc7bffe4d97ff64d407251e6) Importer(815301076,1909f56bfc062723c751e8b465ee728b)  -> (artifact id: 'ea7fcc678f64881d0c962815c46a23b9') in 0.002716 seconds
  Import took 0.005615 seconds .

========================================================================
Received Import Request.
  Time since last request: 0.000988 seconds.
  path: Assets/Scripts/SlimeDeform.cs
  artifactKey: Guid(70d999c7cc7bffe4d97ff64d407251e6) Importer(815301076,1909f56bfc062723c751e8b465ee728b)
Start importing Assets/Scripts/SlimeDeform.cs using Guid(70d999c7cc7bffe4d97ff64d407251e6) Importer(815301076,1909f56bfc062723c751e8b465ee728b)  -> (artifact id: 'ea7fcc678f64881d0c962815c46a23b9') in 0.002643 seconds
  Import took 0.005287 seconds .

========================================================================
Received Import Request.
  Time since last request: 0.560887 seconds.
  path: Assets/Scripts/SlimeMove.cs
  artifactKey: Guid(94930232dec9a044b8859e31673cba8c) Importer(815301076,1909f56bfc062723c751e8b465ee728b)
Start importing Assets/Scripts/SlimeMove.cs using Guid(94930232dec9a044b8859e31673cba8c) Importer(815301076,1909f56bfc062723c751e8b465ee728b)  -> (artifact id: 'b99200b6be27419660a3033fdbf1dde6') in 0.002619 seconds
  Import took 0.005398 seconds .

========================================================================
Received Import Request.
  Time since last request: 0.003546 seconds.
  path: Assets/Scripts/SlimeMove.cs
  artifactKey: Guid(94930232dec9a044b8859e31673cba8c) Importer(815301076,1909f56bfc062723c751e8b465ee728b)
Start importing Assets/Scripts/SlimeMove.cs using Guid(94930232dec9a044b8859e31673cba8c) Importer(815301076,1909f56bfc062723c751e8b465ee728b)  -> (artifact id: 'b99200b6be27419660a3033fdbf1dde6') in 0.002468 seconds
  Import took 0.005326 seconds .

========================================================================
Received Prepare
Registering precompiled user dll's ...
Registered in 0.001020 seconds.
Begin MonoManager ReloadAssembly
Native extension for WindowsStandalone target not found
Refreshing native plugins compatible for Editor in 0.35 ms, found 1 plugins.
Preloading 0 native plugins for Editor in 0.00 ms.
Invoked RoslynAnalysisRunner static constructor.
RoslynAnalysisRunner will not be running.
RoslynAnalysisRunner has terminated.
Mono: successfully reloaded assembly
- Completed reload, in  0.895 seconds
Platform modules already initialized, skipping
Refreshing native plugins compatible for Editor in 0.39 ms, found 1 plugins.
Preloading 0 native plugins for Editor in 0.00 ms.
Unloading 1928 Unused Serialized files (Serialized files now loaded: 0)
System memory in use before: 92.3 MB.
System memory in use after: 92.4 MB.

Unloading 8 unused Assets to reduce memory usage. Loaded Objects now: 2394.
Total: 1.961600 ms (FindLiveObjects: 0.236000 ms CreateObjectMapping: 0.079800 ms MarkObjects: 1.628400 ms  DeleteObjects: 0.015800 ms)

========================================================================
Received Import Request.
  Time since last request: 216.892398 seconds.
  path: Assets/Scripts/Key.cs
  artifactKey: Guid(f360601517ce61a47a2da1c86af2dca6) Importer(815301076,1909f56bfc062723c751e8b465ee728b)
Start importing Assets/Scripts/Key.cs using Guid(f360601517ce61a47a2da1c86af2dca6) Importer(815301076,1909f56bfc062723c751e8b465ee728b)  -> (artifact id: '8aafe70455dce00110c46060155a9072') in 0.009971 seconds
  Import took 0.013167 seconds .

========================================================================
Received Prepare
Registering precompiled user dll's ...
Registered in 0.001462 seconds.
Begin MonoManager ReloadAssembly
Native extension for WindowsStandalone target not found
Refreshing native plugins compatible for Editor in 0.34 ms, found 1 plugins.
Preloading 0 native plugins for Editor in 0.00 ms.
Invoked RoslynAnalysisRunner static constructor.
RoslynAnalysisRunner will not be running.
RoslynAnalysisRunner has terminated.
Mono: successfully reloaded assembly
- Completed reload, in  0.820 seconds
Platform modules already initialized, skipping
Refreshing native plugins compatible for Editor in 0.35 ms, found 1 plugins.
Preloading 0 native plugins for Editor in 0.00 ms.
Unloading 1929 Unused Serialized files (Serialized files now loaded: 0)
System memory in use before: 92.6 MB.
System memory in use after: 92.7 MB.

Unloading 8 unused Assets to reduce memory usage. Loaded Objects now: 2398.
Total: 2.144200 ms (FindLiveObjects: 0.275900 ms CreateObjectMapping: 0.167000 ms MarkObjects: 1.684500 ms  DeleteObjects: 0.015600 ms)

========================================================================
Received Prepare
Registering precompiled user dll's ...
Registered in 0.001055 seconds.
Begin MonoManager ReloadAssembly
Native extension for WindowsStandalone target not found
Refreshing native plugins compatible for Editor in 0.35 ms, found 1 plugins.
Preloading 0 native plugins for Editor in 0.00 ms.
Invoked RoslynAnalysisRunner static constructor.
RoslynAnalysisRunner will not be running.
RoslynAnalysisRunner has terminated.
Mono: successfully reloaded assembly
- Completed reload, in  0.828 seconds
Platform modules already initialized, skipping
Refreshing native plugins compatible for Editor in 0.34 ms, found 1 plugins.
Preloading 0 native plugins for Editor in 0.00 ms.
Unloading 1929 Unused Serialized files (Serialized files now loaded: 0)
System memory in use before: 92.8 MB.
System memory in use after: 92.9 MB.

Unloading 8 unused Assets to reduce memory usage. Loaded Objects now: 2401.
Total: 1.745100 ms (FindLiveObjects: 0.175700 ms CreateObjectMapping: 0.066200 ms MarkObjects: 1.487400 ms  DeleteObjects: 0.014500 ms)

========================================================================
Received Import Request.
  Time since last request: 72.888293 seconds.
  path: Assets/Scripts/Key.cs
  artifactKey: Guid(f360601517ce61a47a2da1c86af2dca6) Importer(815301076,1909f56bfc062723c751e8b465ee728b)
Start importing Assets/Scripts/Key.cs using Guid(f360601517ce61a47a2da1c86af2dca6) Importer(815301076,1909f56bfc062723c751e8b465ee728b)  -> (artifact id: '8b5964d18ff0bae9d4324d58dfffa3c2') in 0.007318 seconds
  Import took 0.010581 seconds .

========================================================================
Received Import Request.
  Time since last request: 3.732942 seconds.
  path: Assets/Scripts/Goal.cs
  artifactKey: Guid(d3b6652767a53974a9d26dff1226c6a0) Importer(815301076,1909f56bfc062723c751e8b465ee728b)
Start importing Assets/Scripts/Goal.cs using Guid(d3b6652767a53974a9d26dff1226c6a0) Importer(815301076,1909f56bfc062723c751e8b465ee728b)  -> (artifact id: '45c3e9a712b66120c29eeb0806ac6e25') in 0.007255 seconds
  Import took 0.011173 seconds .

========================================================================
Received Prepare
Registering precompiled user dll's ...
Registered in 0.001282 seconds.
Begin MonoManager ReloadAssembly
Native extension for WindowsStandalone target not found
Refreshing native plugins compatible for Editor in 0.33 ms, found 1 plugins.
Preloading 0 native plugins for Editor in 0.00 ms.
Invoked RoslynAnalysisRunner static constructor.
RoslynAnalysisRunner will not be running.
RoslynAnalysisRunner has terminated.
Mono: successfully reloaded assembly
- Completed reload, in  0.840 seconds
Platform modules already initialized, skipping
Refreshing native plugins compatible for Editor in 0.34 ms, found 1 plugins.
Preloading 0 native plugins for Editor in 0.00 ms.
Unloading 1930 Unused Serialized files (Serialized files now loaded: 0)
System memory in use before: 93.2 MB.
System memory in use after: 93.3 MB.

Unloading 8 unused Assets to reduce memory usage. Loaded Objects now: 2405.
Total: 2.055400 ms (FindLiveObjects: 0.201600 ms CreateObjectMapping: 0.125200 ms MarkObjects: 1.707700 ms  DeleteObjects: 0.019600 ms)

========================================================================
Received Prepare
Registering precompiled user dll's ...
Registered in 0.001008 seconds.
Begin MonoManager ReloadAssembly
Native extension for WindowsStandalone target not found
Refreshing native plugins compatible for Editor in 0.33 ms, found 1 plugins.
Preloading 0 native plugins for Editor in 0.00 ms.
Invoked RoslynAnalysisRunner static constructor.
RoslynAnalysisRunner will not be running.
RoslynAnalysisRunner has terminated.
Mono: successfully reloaded assembly
- Completed reload, in  0.902 seconds
Platform modules already initialized, skipping
Refreshing native plugins compatible for Editor in 0.34 ms, found 1 plugins.
Preloading 0 native plugins for Editor in 0.00 ms.
Unloading 1930 Unused Serialized files (Serialized files now loaded: 0)
System memory in use before: 93.5 MB.
System memory in use after: 93.6 MB.

Unloading 8 unused Assets to reduce memory usage. Loaded Objects now: 2408.
Total: 1.824800 ms (FindLiveObjects: 0.176500 ms CreateObjectMapping: 0.062600 ms MarkObjects: 1.569500 ms  DeleteObjects: 0.015100 ms)

========================================================================
Received Import Request.
  Time since last request: 42.557347 seconds.
  path: Assets/Scripts/Goal.cs
  artifactKey: Guid(d3b6652767a53974a9d26dff1226c6a0) Importer(815301076,1909f56bfc062723c751e8b465ee728b)
Start importing Assets/Scripts/Goal.cs using Guid(d3b6652767a53974a9d26dff1226c6a0) Importer(815301076,1909f56bfc062723c751e8b465ee728b)  -> (artifact id: 'b044bd6f1e20946f4f4191a33b4b2c85') in 0.004958 seconds
  Import took 0.007829 seconds .

========================================================================
Received Import Request.
  Time since last request: 80.927282 seconds.
  path: Assets/Prefabs/key.prefab
  artifactKey: Guid(00b56c294044549488f4495a22911b3b) Importer(815301076,1909f56bfc062723c751e8b465ee728b)
Start importing Assets/Prefabs/key.prefab using Guid(00b56c294044549488f4495a22911b3b) Importer(815301076,1909f56bfc062723c751e8b465ee728b)  -> (artifact id: '06d69b5d98bde1323bff48c7ad593c16') in 0.091322 seconds
  Import took 0.094901 seconds .

========================================================================
Received Import Request.
  Time since last request: 22.419380 seconds.
  path: Assets/Resources/Models/Slime Animator Controller.controller
  artifactKey: Guid(252f2bcf847bd3140985985ed87df1da) Importer(815301076,1909f56bfc062723c751e8b465ee728b)
Start importing Assets/Resources/Models/Slime Animator Controller.controller using Guid(252f2bcf847bd3140985985ed87df1da) Importer(815301076,1909f56bfc062723c751e8b465ee728b)  -> (artifact id: '859499ac482e597dd6c6eb27e5f84c38') in 0.008954 seconds
  Import took 0.012618 seconds .

========================================================================
Received Prepare
Registering precompiled user dll's ...
Registered in 0.001038 seconds.
Begin MonoManager ReloadAssembly
Native extension for WindowsStandalone target not found
Refreshing native plugins compatible for Editor in 0.39 ms, found 1 plugins.
Preloading 0 native plugins for Editor in 0.00 ms.
Invoked RoslynAnalysisRunner static constructor.
RoslynAnalysisRunner will not be running.
RoslynAnalysisRunner has terminated.
Mono: successfully reloaded assembly
- Completed reload, in  0.887 seconds
Platform modules already initialized, skipping
Refreshing native plugins compatible for Editor in 0.35 ms, found 1 plugins.
Preloading 0 native plugins for Editor in 0.00 ms.
Unloading 1930 Unused Serialized files (Serialized files now loaded: 0)
System memory in use before: 96.9 MB.
System memory in use after: 97.0 MB.

Unloading 8 unused Assets to reduce memory usage. Loaded Objects now: 2418.
Total: 2.383800 ms (FindLiveObjects: 0.272100 ms CreateObjectMapping: 0.108500 ms MarkObjects: 1.983000 ms  DeleteObjects: 0.018500 ms)

========================================================================
Received Prepare
Registering precompiled user dll's ...
Registered in 0.001364 seconds.
Begin MonoManager ReloadAssembly
Native extension for WindowsStandalone target not found
Refreshing native plugins compatible for Editor in 0.52 ms, found 1 plugins.
Preloading 0 native plugins for Editor in 0.00 ms.
Invoked RoslynAnalysisRunner static constructor.
RoslynAnalysisRunner will not be running.
RoslynAnalysisRunner has terminated.
Mono: successfully reloaded assembly
- Completed reload, in  0.843 seconds
Platform modules already initialized, skipping
Refreshing native plugins compatible for Editor in 0.43 ms, found 1 plugins.
Preloading 0 native plugins for Editor in 0.00 ms.
Unloading 1930 Unused Serialized files (Serialized files now loaded: 0)
System memory in use before: 97.0 MB.
System memory in use after: 97.1 MB.

Unloading 8 unused Assets to reduce memory usage. Loaded Objects now: 2421.
Total: 1.983200 ms (FindLiveObjects: 0.195700 ms CreateObjectMapping: 0.086500 ms MarkObjects: 1.685300 ms  DeleteObjects: 0.014700 ms)

========================================================================
Received Prepare
Registering precompiled user dll's ...
Registered in 0.000983 seconds.
Begin MonoManager ReloadAssembly
Native extension for WindowsStandalone target not found
Refreshing native plugins compatible for Editor in 0.34 ms, found 1 plugins.
Preloading 0 native plugins for Editor in 0.00 ms.
Invoked RoslynAnalysisRunner static constructor.
RoslynAnalysisRunner will not be running.
RoslynAnalysisRunner has terminated.
Mono: successfully reloaded assembly
- Completed reload, in  0.795 seconds
Platform modules already initialized, skipping
Refreshing native plugins compatible for Editor in 0.39 ms, found 1 plugins.
Preloading 0 native plugins for Editor in 0.00 ms.
Unloading 1930 Unused Serialized files (Serialized files now loaded: 0)
System memory in use before: 96.4 MB.
System memory in use after: 96.5 MB.

Unloading 8 unused Assets to reduce memory usage. Loaded Objects now: 2424.
Total: 2.119900 ms (FindLiveObjects: 0.276500 ms CreateObjectMapping: 0.100400 ms MarkObjects: 1.725200 ms  DeleteObjects: 0.016400 ms)

========================================================================
Received Import Request.
  Time since last request: 246.027014 seconds.
  path: Assets/Scripts/GameManager.cs
  artifactKey: Guid(bff0c022f9056fa47872eccfe1decb40) Importer(815301076,1909f56bfc062723c751e8b465ee728b)
Start importing Assets/Scripts/GameManager.cs using Guid(bff0c022f9056fa47872eccfe1decb40) Importer(815301076,1909f56bfc062723c751e8b465ee728b)  -> (artifact id: 'd0c36586387fdde8bc365b65fc992992') in 0.008461 seconds
  Import took 0.012396 seconds .

========================================================================
Received Import Request.
  Time since last request: 0.024720 seconds.
  path: Assets/Scripts/GameManager.cs
  artifactKey: Guid(bff0c022f9056fa47872eccfe1decb40) Importer(815301076,1909f56bfc062723c751e8b465ee728b)
Start importing Assets/Scripts/GameManager.cs using Guid(bff0c022f9056fa47872eccfe1decb40) Importer(815301076,1909f56bfc062723c751e8b465ee728b)  -> (artifact id: 'd0c36586387fdde8bc365b65fc992992') in 0.002790 seconds
  Import took 0.006031 seconds .

========================================================================
Received Import Request.
  Time since last request: 0.299599 seconds.
  path: Assets/Scripts/LevelController.cs
  artifactKey: Guid(0953bf300fdf7a74d9d9dc855fd16f98) Importer(815301076,1909f56bfc062723c751e8b465ee728b)
Start importing Assets/Scripts/LevelController.cs using Guid(0953bf300fdf7a74d9d9dc855fd16f98) Importer(815301076,1909f56bfc062723c751e8b465ee728b)  -> (artifact id: '7e9f8f0bf3573f46f528139cc504d2d8') in 0.002980 seconds
  Import took 0.006120 seconds .

========================================================================
Received Import Request.
  Time since last request: 0.001036 seconds.
  path: Assets/Scripts/LevelController.cs
  artifactKey: Guid(0953bf300fdf7a74d9d9dc855fd16f98) Importer(815301076,1909f56bfc062723c751e8b465ee728b)
Start importing Assets/Scripts/LevelController.cs using Guid(0953bf300fdf7a74d9d9dc855fd16f98) Importer(815301076,1909f56bfc062723c751e8b465ee728b)  -> (artifact id: '7e9f8f0bf3573f46f528139cc504d2d8') in 0.002515 seconds
  Import took 0.005620 seconds .

========================================================================
Received Import Request.
  Time since last request: 0.827854 seconds.
  path: Assets/Scripts/SlimePiece.cs
  artifactKey: Guid(6c03c8c274f9d354d9a9e489706164a3) Importer(815301076,1909f56bfc062723c751e8b465ee728b)
Start importing Assets/Scripts/SlimePiece.cs using Guid(6c03c8c274f9d354d9a9e489706164a3) Importer(815301076,1909f56bfc062723c751e8b465ee728b)  -> (artifact id: '3e0223d18474a2b76104dc6426231c1a') in 0.005501 seconds
  Import took 0.008607 seconds .

========================================================================
Received Import Request.
  Time since last request: 0.000718 seconds.
  path: Assets/Scripts/SlimePiece.cs
  artifactKey: Guid(6c03c8c274f9d354d9a9e489706164a3) Importer(815301076,1909f56bfc062723c751e8b465ee728b)
Start importing Assets/Scripts/SlimePiece.cs using Guid(6c03c8c274f9d354d9a9e489706164a3) Importer(815301076,1909f56bfc062723c751e8b465ee728b)  -> (artifact id: '3e0223d18474a2b76104dc6426231c1a') in 0.002593 seconds
  Import took 0.005377 seconds .

========================================================================
Received Import Request.
  Time since last request: 0.426815 seconds.
  path: Assets/Scripts/SlimeMove.cs
  artifactKey: Guid(94930232dec9a044b8859e31673cba8c) Importer(815301076,1909f56bfc062723c751e8b465ee728b)
Start importing Assets/Scripts/SlimeMove.cs using Guid(94930232dec9a044b8859e31673cba8c) Importer(815301076,1909f56bfc062723c751e8b465ee728b)  -> (artifact id: '81aca837d870fe23037f6200766ec09f') in 0.002817 seconds
  Import took 0.005952 seconds .

========================================================================
Received Import Request.
  Time since last request: 0.002667 seconds.
  path: Assets/Scripts/SlimeMove.cs
  artifactKey: Guid(94930232dec9a044b8859e31673cba8c) Importer(815301076,1909f56bfc062723c751e8b465ee728b)
Start importing Assets/Scripts/SlimeMove.cs using Guid(94930232dec9a044b8859e31673cba8c) Importer(815301076,1909f56bfc062723c751e8b465ee728b)  -> (artifact id: '81aca837d870fe23037f6200766ec09f') in 0.003167 seconds
  Import took 0.006122 seconds .

========================================================================
Received Prepare
Registering precompiled user dll's ...
Registered in 0.001047 seconds.
Begin MonoManager ReloadAssembly
Native extension for WindowsStandalone target not found
Refreshing native plugins compatible for Editor in 0.37 ms, found 1 plugins.
Preloading 0 native plugins for Editor in 0.00 ms.
Invoked RoslynAnalysisRunner static constructor.
RoslynAnalysisRunner will not be running.
RoslynAnalysisRunner has terminated.
Mono: successfully reloaded assembly
- Completed reload, in  0.836 seconds
Platform modules already initialized, skipping
Refreshing native plugins compatible for Editor in 0.35 ms, found 1 plugins.
Preloading 0 native plugins for Editor in 0.00 ms.
Unloading 1930 Unused Serialized files (Serialized files now loaded: 0)
System memory in use before: 96.7 MB.
System memory in use after: 96.8 MB.

Unloading 8 unused Assets to reduce memory usage. Loaded Objects now: 2427.
Total: 2.158800 ms (FindLiveObjects: 0.254800 ms CreateObjectMapping: 0.093400 ms MarkObjects: 1.793400 ms  DeleteObjects: 0.015900 ms)

========================================================================
Received Import Request.
  Time since last request: 61.287185 seconds.
  path: Assets/Scripts/SlimeDeform.cs
  artifactKey: Guid(70d999c7cc7bffe4d97ff64d407251e6) Importer(815301076,1909f56bfc062723c751e8b465ee728b)
Start importing Assets/Scripts/SlimeDeform.cs using Guid(70d999c7cc7bffe4d97ff64d407251e6) Importer(815301076,1909f56bfc062723c751e8b465ee728b)  -> (artifact id: 'f806e4c3ad3b39090fce21cc5d15a3dc') in 0.005119 seconds
  Import took 0.008092 seconds .

========================================================================
Received Prepare
Registering precompiled user dll's ...
Registered in 0.001384 seconds.
Begin MonoManager ReloadAssembly
Native extension for WindowsStandalone target not found
Refreshing native plugins compatible for Editor in 0.39 ms, found 1 plugins.
Preloading 0 native plugins for Editor in 0.00 ms.
Invoked RoslynAnalysisRunner static constructor.
RoslynAnalysisRunner will not be running.
RoslynAnalysisRunner has terminated.
Mono: successfully reloaded assembly
- Completed reload, in  0.905 seconds
Platform modules already initialized, skipping
Refreshing native plugins compatible for Editor in 0.34 ms, found 1 plugins.
Preloading 0 native plugins for Editor in 0.00 ms.
Unloading 1930 Unused Serialized files (Serialized files now loaded: 0)
System memory in use before: 97.0 MB.
System memory in use after: 97.1 MB.

Unloading 8 unused Assets to reduce memory usage. Loaded Objects now: 2430.
Total: 1.972100 ms (FindLiveObjects: 0.208800 ms CreateObjectMapping: 0.085300 ms MarkObjects: 1.661300 ms  DeleteObjects: 0.015400 ms)

========================================================================
Received Prepare
Registering precompiled user dll's ...
Registered in 0.001055 seconds.
Begin MonoManager ReloadAssembly
Native extension for WindowsStandalone target not found
Refreshing native plugins compatible for Editor in 0.37 ms, found 1 plugins.
Preloading 0 native plugins for Editor in 0.00 ms.
Invoked RoslynAnalysisRunner static constructor.
RoslynAnalysisRunner will not be running.
RoslynAnalysisRunner has terminated.
Mono: successfully reloaded assembly
- Completed reload, in  0.813 seconds
Platform modules already initialized, skipping
Refreshing native plugins compatible for Editor in 0.33 ms, found 1 plugins.
Preloading 0 native plugins for Editor in 0.00 ms.
Unloading 1930 Unused Serialized files (Serialized files now loaded: 0)
System memory in use before: 97.0 MB.
System memory in use after: 97.1 MB.

Unloading 8 unused Assets to reduce memory usage. Loaded Objects now: 2433.
Total: 1.905800 ms (FindLiveObjects: 0.206000 ms CreateObjectMapping: 0.074700 ms MarkObjects: 1.609000 ms  DeleteObjects: 0.014800 ms)

AssetImportWorkerClient::OnTransportError - code=2 error=End of file
